2023-12-08 20:42:54,253:INFO:Downloading audio files from 2023-12-04 00:00:00 to 2023-12-05 00:00:00
2023-12-08 20:42:55,669:INFO:Started
2023-12-14 15:23:05,444:INFO:Downloading audio files from 2023-12-04 00:00:00 to 2023-12-05 00:00:00
2023-12-14 15:23:06,859:INFO:Started
2023-12-14 15:23:48,522:ERROR:Future exception was never retrieved
future: <Future finished exception=Error('Connection closed')>
playwright._impl._api_types.Error: Connection closed
2023-12-14 15:24:07,720:INFO:Downloading audio files from 2023-12-04 00:00:00 to 2023-12-05 00:00:00
2023-12-14 15:24:08,358:INFO:Started
2023-12-14 15:24:37,393:INFO:Saving mp3 files in "./data/myhostednumbers-2023-12-04-2023-12-05"
2023-12-14 15:24:37,393:INFO:Successful download
2023-12-27 21:50:56,362:INFO:Downloading audio files from 2023-12-05 00:00:00 to 2023-12-06 00:00:00
2023-12-27 21:50:57,444:INFO:Started
2023-12-27 22:05:31,888:INFO:Downloading audio files from 2023-12-05 00:00:00 to 2023-12-06 00:00:00
2023-12-27 22:05:32,331:INFO:Started
2023-12-27 22:07:59,283:INFO:Downloading audio files from 2023-12-05 00:00:00 to 2023-12-06 00:00:00
2023-12-27 22:07:59,737:INFO:Started
2023-12-27 22:08:27,455:INFO:Saving mp3 files in "./data/myhostednumbers-2023-12-05-2023-12-06"
2023-12-27 22:08:27,456:INFO:Successful download
2023-12-27 22:11:58,270:INFO:Downloading audio files from 2023-12-05 00:00:00 to 2023-12-10 00:00:00
2023-12-27 22:11:58,701:INFO:Started
2023-12-27 22:12:27,341:INFO:Saving mp3 files in "./data/myhostednumbers-2023-12-05-2023-12-10"
2023-12-27 22:12:27,341:INFO:Successful download
2023-12-27 22:14:24,836:INFO:Downloading audio files from 2023-12-05 00:00:00 to 2023-12-10 00:00:00
2023-12-27 22:14:25,267:INFO:Started
2023-12-27 22:15:22,801:INFO:Downloading audio files from 2023-12-05 00:00:00 to 2023-12-10 00:00:00
2023-12-27 22:15:23,254:INFO:Started
2023-12-27 22:15:51,347:INFO:Saving mp3 files in "./data/myhostednumbers-2023-12-05-2023-12-10"
2023-12-27 22:15:51,347:INFO:Successful download
2023-12-27 22:19:40,394:INFO:Downloading audio files from 2023-12-05 00:00:00 to 2023-12-10 00:00:00
2023-12-27 22:19:40,914:INFO:Started
2023-12-27 22:20:14,321:INFO:Saving mp3 files in "./data/myhostednumbers-2023-12-05-2023-12-10"
2023-12-27 22:20:14,322:INFO:Successful download
2023-12-27 22:43:29,743:INFO:Downloading audio files from 2023-12-01 00:00:00 to 2023-12-10 00:00:00
2023-12-27 22:43:30,228:INFO:Started
2023-12-27 22:44:11,089:INFO:Saving mp3 files in "./data/myhostednumbers-2023-12-01-2023-12-10"
2023-12-27 22:44:11,089:INFO:Successful download
2023-12-27 22:49:15,264:INFO:Downloading audio files from 2023-12-01 00:00:00 to 2023-12-10 00:00:00
2023-12-27 22:49:15,770:INFO:Started
2023-12-27 22:49:47,132:INFO:Saving mp3 files in "./data/myhostednumbers-2023-12-01-2023-12-10"
2023-12-27 22:49:47,132:INFO:Successful download
2023-12-27 22:50:52,412:INFO:Downloading audio files from 2023-12-01 00:00:00 to 2023-12-10 00:00:00
2023-12-27 22:50:52,972:INFO:Started
2023-12-27 22:51:21,941:INFO:Saving mp3 files in "./data/myhostednumbers-2023-12-01-2023-12-10"
2023-12-27 22:51:21,942:INFO:Successful download
2023-12-27 22:52:21,301:INFO:Downloading audio files from 2023-12-20 00:00:00 to 2023-12-26 00:00:00
2023-12-27 22:52:21,834:INFO:Started
2023-12-27 22:52:52,512:INFO:Saving mp3 files in "./data/myhostednumbers-2023-12-20-2023-12-26"
2023-12-27 22:52:52,665:ERROR:Future exception was never retrieved
future: <Future finished exception=Error('Connection closed')>
playwright._impl._api_types.Error: Connection closed
2023-12-27 22:52:52,666:ERROR:Future exception was never retrieved
future: <Future finished exception=Error('Connection closed')>
playwright._impl._api_types.Error: Connection closed
2023-12-27 23:04:00,078:INFO:Downloading audio files from 2023-12-21 00:00:00 to 2023-12-26 00:00:00
2023-12-27 23:04:00,550:INFO:Started
2023-12-27 23:05:49,139:INFO:Downloading audio files from 2023-12-21 00:00:00 to 2023-12-26 00:00:00
2023-12-27 23:05:49,621:INFO:Started
2023-12-27 23:10:28,938:INFO:Downloading audio files from 2023-12-21 00:00:00 to 2023-12-26 00:00:00
2023-12-27 23:10:29,418:INFO:Started
2023-12-27 23:10:58,082:INFO:Saving mp3 files in "./data/myhostednumbers-2023-12-21-2023-12-26"
2023-12-27 23:11:12,735:INFO:Successful download
2023-12-27 23:13:43,612:INFO:Downloading audio files from 2023-12-21 00:00:00 to 2023-12-26 00:00:00
2023-12-27 23:13:44,109:INFO:Started
2023-12-27 23:14:14,779:INFO:Saving mp3 files in "./data/myhostednumbers-2023-12-21-2023-12-26"
2023-12-27 23:14:25,873:INFO:Successful download
2023-12-27 23:45:28,581:INFO:Downloading audio files from None to None
2023-12-27 23:45:30,888:INFO:Started
2023-12-27 23:45:31,339:INFO:Downloading audio files from 2023-12-27 to None
2023-12-27 23:45:31,980:INFO:Started
2023-12-27 23:45:34,762:INFO:Downloading audio files from 2023-12-01 to None
2023-12-27 23:45:35,286:INFO:Started
2023-12-27 23:45:37,399:INFO:Downloading audio files from 2023-12-01 to 2023-12-27
2023-12-27 23:45:37,864:INFO:Started
2023-12-28 13:39:03,107:INFO:Started
2023-12-28 13:39:23,191:INFO:Started
2023-12-28 13:39:36,116:INFO:Saving mp3 files in "./myhostednumbers-2023-12-28-2023-12-28"
2023-12-28 13:39:36,116:INFO:Successful download
2023-12-28 13:40:39,325:INFO:Started
2023-12-28 13:40:45,553:INFO:Started
2023-12-28 14:03:14,844:INFO:Started
2023-12-28 14:03:50,034:INFO:Saving mp3 files in "./myhostednumbers-2023-12-28-2023-12-28"
2023-12-28 14:03:50,034:INFO:Successful download
2023-12-28 17:14:58,676:INFO:Started
2023-12-28 17:30:28,747:INFO:Started
2023-12-28 17:38:21,084:INFO:Started
2023-12-28 17:40:14,636:INFO:Started
2023-12-28 17:41:41,394:INFO:Started
2023-12-28 17:43:13,551:INFO:Started
2023-12-28 17:43:42,484:INFO:Saving mp3 files in "./myhostednumbers-2023-12-20-2023-12-26"
2023-12-28 17:43:50,629:INFO:Successful download
2023-12-28 17:50:33,573:INFO:Started
2023-12-28 17:51:03,952:INFO:Saving mp3 files in "./myhostednumbers-2023-12-23-2023-12-27"
2023-12-28 17:51:07,666:INFO:Successful download
